<?xml version="1.0" encoding="UTF-8"?>
<testsuite xmlns:xsi="http://www.w3.org/2001/XMLSchema-instance" xsi:noNamespaceSchemaLocation="https://maven.apache.org/surefire/maven-surefire-plugin/xsd/surefire-test-report.xsd" name="com.nnk.springboot.controllers.UserControllerTest" time="0.398" tests="6" errors="0" skipped="0" failures="0">
  <properties>
    <property name="java.specification.version" value="18"/>
    <property name="sun.cpu.isalist" value="amd64"/>
    <property name="sun.jnu.encoding" value="Cp1252"/>
    <property name="java.class.path" value="D:\JavaDA_PROJECT7_RESTAPI\JavaDA_PROJECT7_RESTAPI\Poseiden-skeleton\target\test-classes;D:\JavaDA_PROJECT7_RESTAPI\JavaDA_PROJECT7_RESTAPI\Poseiden-skeleton\target\classes;D:\work\env\maven\repository\org\springframework\boot\spring-boot-starter-test\2.7.5\spring-boot-starter-test-2.7.5.jar;D:\work\env\maven\repository\org\springframework\boot\spring-boot-starter\2.7.5\spring-boot-starter-2.7.5.jar;D:\work\env\maven\repository\org\springframework\boot\spring-boot-starter-logging\2.7.5\spring-boot-starter-logging-2.7.5.jar;D:\work\env\maven\repository\ch\qos\logback\logback-classic\1.2.11\logback-classic-1.2.11.jar;D:\work\env\maven\repository\ch\qos\logback\logback-core\1.2.11\logback-core-1.2.11.jar;D:\work\env\maven\repository\org\apache\logging\log4j\log4j-to-slf4j\2.17.2\log4j-to-slf4j-2.17.2.jar;D:\work\env\maven\repository\org\slf4j\jul-to-slf4j\1.7.36\jul-to-slf4j-1.7.36.jar;D:\work\env\maven\repository\jakarta\annotation\jakarta.annotation-api\1.3.5\jakarta.annotation-api-1.3.5.jar;D:\work\env\maven\repository\org\yaml\snakeyaml\1.30\snakeyaml-1.30.jar;D:\work\env\maven\repository\org\springframework\boot\spring-boot-test\2.7.5\spring-boot-test-2.7.5.jar;D:\work\env\maven\repository\org\springframework\boot\spring-boot-test-autoconfigure\2.7.5\spring-boot-test-autoconfigure-2.7.5.jar;D:\work\env\maven\repository\com\jayway\jsonpath\json-path\2.7.0\json-path-2.7.0.jar;D:\work\env\maven\repository\net\minidev\json-smart\2.4.8\json-smart-2.4.8.jar;D:\work\env\maven\repository\net\minidev\accessors-smart\2.4.8\accessors-smart-2.4.8.jar;D:\work\env\maven\repository\org\ow2\asm\asm\9.1\asm-9.1.jar;D:\work\env\maven\repository\org\slf4j\slf4j-api\1.7.36\slf4j-api-1.7.36.jar;D:\work\env\maven\repository\jakarta\xml\bind\jakarta.xml.bind-api\2.3.3\jakarta.xml.bind-api-2.3.3.jar;D:\work\env\maven\repository\jakarta\activation\jakarta.activation-api\1.2.2\jakarta.activation-api-1.2.2.jar;D:\work\env\maven\repository\org\assertj\assertj-core\3.22.0\assertj-core-3.22.0.jar;D:\work\env\maven\repository\org\hamcrest\hamcrest\2.2\hamcrest-2.2.jar;D:\work\env\maven\repository\org\junit\jupiter\junit-jupiter\5.8.2\junit-jupiter-5.8.2.jar;D:\work\env\maven\repository\org\junit\jupiter\junit-jupiter-params\5.8.2\junit-jupiter-params-5.8.2.jar;D:\work\env\maven\repository\org\junit\jupiter\junit-jupiter-engine\5.8.2\junit-jupiter-engine-5.8.2.jar;D:\work\env\maven\repository\org\junit\platform\junit-platform-engine\1.8.2\junit-platform-engine-1.8.2.jar;D:\work\env\maven\repository\org\mockito\mockito-core\4.5.1\mockito-core-4.5.1.jar;D:\work\env\maven\repository\net\bytebuddy\byte-buddy\1.12.18\byte-buddy-1.12.18.jar;D:\work\env\maven\repository\net\bytebuddy\byte-buddy-agent\1.12.18\byte-buddy-agent-1.12.18.jar;D:\work\env\maven\repository\org\objenesis\objenesis\3.2\objenesis-3.2.jar;D:\work\env\maven\repository\org\skyscreamer\jsonassert\1.5.1\jsonassert-1.5.1.jar;D:\work\env\maven\repository\com\vaadin\external\google\android-json\0.0.20131108.vaadin1\android-json-0.0.20131108.vaadin1.jar;D:\work\env\maven\repository\org\springframework\spring-core\5.3.23\spring-core-5.3.23.jar;D:\work\env\maven\repository\org\springframework\spring-jcl\5.3.23\spring-jcl-5.3.23.jar;D:\work\env\maven\repository\org\xmlunit\xmlunit-core\2.9.0\xmlunit-core-2.9.0.jar;D:\work\env\maven\repository\org\springframework\boot\spring-boot-starter-data-jpa\2.7.5\spring-boot-starter-data-jpa-2.7.5.jar;D:\work\env\maven\repository\org\springframework\boot\spring-boot-starter-aop\2.7.5\spring-boot-starter-aop-2.7.5.jar;D:\work\env\maven\repository\org\aspectj\aspectjweaver\1.9.7\aspectjweaver-1.9.7.jar;D:\work\env\maven\repository\org\springframework\boot\spring-boot-starter-jdbc\2.7.5\spring-boot-starter-jdbc-2.7.5.jar;D:\work\env\maven\repository\com\zaxxer\HikariCP\4.0.3\HikariCP-4.0.3.jar;D:\work\env\maven\repository\org\springframework\spring-jdbc\5.3.23\spring-jdbc-5.3.23.jar;D:\work\env\maven\repository\jakarta\transaction\jakarta.transaction-api\1.3.3\jakarta.transaction-api-1.3.3.jar;D:\work\env\maven\repository\jakarta\persistence\jakarta.persistence-api\2.2.3\jakarta.persistence-api-2.2.3.jar;D:\work\env\maven\repository\org\hibernate\hibernate-core\5.6.12.Final\hibernate-core-5.6.12.Final.jar;D:\work\env\maven\repository\antlr\antlr\2.7.7\antlr-2.7.7.jar;D:\work\env\maven\repository\org\jboss\jandex\2.4.2.Final\jandex-2.4.2.Final.jar;D:\work\env\maven\repository\org\hibernate\common\hibernate-commons-annotations\5.1.2.Final\hibernate-commons-annotations-5.1.2.Final.jar;D:\work\env\maven\repository\org\glassfish\jaxb\jaxb-runtime\2.3.7\jaxb-runtime-2.3.7.jar;D:\work\env\maven\repository\org\glassfish\jaxb\txw2\2.3.7\txw2-2.3.7.jar;D:\work\env\maven\repository\com\sun\istack\istack-commons-runtime\3.0.12\istack-commons-runtime-3.0.12.jar;D:\work\env\maven\repository\com\sun\activation\jakarta.activation\1.2.2\jakarta.activation-1.2.2.jar;D:\work\env\maven\repository\org\springframework\data\spring-data-jpa\2.7.5\spring-data-jpa-2.7.5.jar;D:\work\env\maven\repository\org\springframework\data\spring-data-commons\2.7.5\spring-data-commons-2.7.5.jar;D:\work\env\maven\repository\org\springframework\spring-orm\5.3.23\spring-orm-5.3.23.jar;D:\work\env\maven\repository\org\springframework\spring-context\5.3.23\spring-context-5.3.23.jar;D:\work\env\maven\repository\org\springframework\spring-tx\5.3.23\spring-tx-5.3.23.jar;D:\work\env\maven\repository\org\springframework\spring-beans\5.3.23\spring-beans-5.3.23.jar;D:\work\env\maven\repository\org\springframework\spring-aspects\5.3.23\spring-aspects-5.3.23.jar;D:\work\env\maven\repository\org\springframework\boot\spring-boot-starter-web\2.7.5\spring-boot-starter-web-2.7.5.jar;D:\work\env\maven\repository\org\springframework\boot\spring-boot-starter-json\2.7.5\spring-boot-starter-json-2.7.5.jar;D:\work\env\maven\repository\com\fasterxml\jackson\core\jackson-databind\2.13.4.2\jackson-databind-2.13.4.2.jar;D:\work\env\maven\repository\com\fasterxml\jackson\core\jackson-annotations\2.13.4\jackson-annotations-2.13.4.jar;D:\work\env\maven\repository\com\fasterxml\jackson\core\jackson-core\2.13.4\jackson-core-2.13.4.jar;D:\work\env\maven\repository\com\fasterxml\jackson\datatype\jackson-datatype-jdk8\2.13.4\jackson-datatype-jdk8-2.13.4.jar;D:\work\env\maven\repository\com\fasterxml\jackson\datatype\jackson-datatype-jsr310\2.13.4\jackson-datatype-jsr310-2.13.4.jar;D:\work\env\maven\repository\com\fasterxml\jackson\module\jackson-module-parameter-names\2.13.4\jackson-module-parameter-names-2.13.4.jar;D:\work\env\maven\repository\org\springframework\boot\spring-boot-starter-tomcat\2.7.5\spring-boot-starter-tomcat-2.7.5.jar;D:\work\env\maven\repository\org\apache\tomcat\embed\tomcat-embed-core\9.0.68\tomcat-embed-core-9.0.68.jar;D:\work\env\maven\repository\org\apache\tomcat\embed\tomcat-embed-el\9.0.68\tomcat-embed-el-9.0.68.jar;D:\work\env\maven\repository\org\apache\tomcat\embed\tomcat-embed-websocket\9.0.68\tomcat-embed-websocket-9.0.68.jar;D:\work\env\maven\repository\org\springframework\spring-web\5.3.23\spring-web-5.3.23.jar;D:\work\env\maven\repository\org\springframework\spring-webmvc\5.3.23\spring-webmvc-5.3.23.jar;D:\work\env\maven\repository\org\springframework\spring-expression\5.3.23\spring-expression-5.3.23.jar;D:\work\env\maven\repository\org\springframework\boot\spring-boot-starter-thymeleaf\2.7.5\spring-boot-starter-thymeleaf-2.7.5.jar;D:\work\env\maven\repository\org\thymeleaf\thymeleaf-spring5\3.0.15.RELEASE\thymeleaf-spring5-3.0.15.RELEASE.jar;D:\work\env\maven\repository\org\thymeleaf\thymeleaf\3.0.15.RELEASE\thymeleaf-3.0.15.RELEASE.jar;D:\work\env\maven\repository\org\attoparser\attoparser\2.0.5.RELEASE\attoparser-2.0.5.RELEASE.jar;D:\work\env\maven\repository\org\unbescape\unbescape\1.1.6.RELEASE\unbescape-1.1.6.RELEASE.jar;D:\work\env\maven\repository\org\thymeleaf\extras\thymeleaf-extras-java8time\3.0.4.RELEASE\thymeleaf-extras-java8time-3.0.4.RELEASE.jar;D:\work\env\maven\repository\org\springframework\boot\spring-boot-starter-security\2.7.5\spring-boot-starter-security-2.7.5.jar;D:\work\env\maven\repository\org\springframework\spring-aop\5.3.23\spring-aop-5.3.23.jar;D:\work\env\maven\repository\org\springframework\security\spring-security-config\5.7.4\spring-security-config-5.7.4.jar;D:\work\env\maven\repository\org\springframework\security\spring-security-web\5.7.4\spring-security-web-5.7.4.jar;D:\work\env\maven\repository\org\springframework\boot\spring-boot-starter-oauth2-client\2.7.5\spring-boot-starter-oauth2-client-2.7.5.jar;D:\work\env\maven\repository\org\springframework\security\spring-security-core\5.7.4\spring-security-core-5.7.4.jar;D:\work\env\maven\repository\org\springframework\security\spring-security-crypto\5.7.4\spring-security-crypto-5.7.4.jar;D:\work\env\maven\repository\org\springframework\security\spring-security-oauth2-client\5.7.4\spring-security-oauth2-client-5.7.4.jar;D:\work\env\maven\repository\org\springframework\security\spring-security-oauth2-core\5.7.4\spring-security-oauth2-core-5.7.4.jar;D:\work\env\maven\repository\com\nimbusds\oauth2-oidc-sdk\9.35\oauth2-oidc-sdk-9.35.jar;D:\work\env\maven\repository\com\github\stephenc\jcip\jcip-annotations\1.0-1\jcip-annotations-1.0-1.jar;D:\work\env\maven\repository\com\nimbusds\content-type\2.2\content-type-2.2.jar;D:\work\env\maven\repository\com\nimbusds\lang-tag\1.6\lang-tag-1.6.jar;D:\work\env\maven\repository\org\springframework\security\spring-security-oauth2-jose\5.7.4\spring-security-oauth2-jose-5.7.4.jar;D:\work\env\maven\repository\com\nimbusds\nimbus-jose-jwt\9.22\nimbus-jose-jwt-9.22.jar;D:\work\env\maven\repository\org\springframework\boot\spring-boot-devtools\2.7.5\spring-boot-devtools-2.7.5.jar;D:\work\env\maven\repository\org\springframework\boot\spring-boot\2.7.5\spring-boot-2.7.5.jar;D:\work\env\maven\repository\org\springframework\boot\spring-boot-autoconfigure\2.7.5\spring-boot-autoconfigure-2.7.5.jar;D:\work\env\maven\repository\com\mysql\mysql-connector-j\8.0.31\mysql-connector-j-8.0.31.jar;D:\work\env\maven\repository\com\h2database\h2\2.1.214\h2-2.1.214.jar;D:\work\env\maven\repository\org\projectlombok\lombok\1.18.24\lombok-1.18.24.jar;D:\work\env\maven\repository\org\mockito\mockito-junit-jupiter\4.8.0\mockito-junit-jupiter-4.8.0.jar;D:\work\env\maven\repository\org\junit\jupiter\junit-jupiter-api\5.8.2\junit-jupiter-api-5.8.2.jar;D:\work\env\maven\repository\org\opentest4j\opentest4j\1.2.0\opentest4j-1.2.0.jar;D:\work\env\maven\repository\org\junit\platform\junit-platform-commons\1.8.2\junit-platform-commons-1.8.2.jar;D:\work\env\maven\repository\org\apiguardian\apiguardian-api\1.1.2\apiguardian-api-1.1.2.jar;D:\work\env\maven\repository\javax\validation\validation-api\2.0.1.Final\validation-api-2.0.1.Final.jar;D:\work\env\maven\repository\org\hibernate\validator\hibernate-validator\8.0.0.Final\hibernate-validator-8.0.0.Final.jar;D:\work\env\maven\repository\jakarta\validation\jakarta.validation-api\2.0.2\jakarta.validation-api-2.0.2.jar;D:\work\env\maven\repository\org\jboss\logging\jboss-logging\3.4.3.Final\jboss-logging-3.4.3.Final.jar;D:\work\env\maven\repository\com\fasterxml\classmate\1.5.1\classmate-1.5.1.jar;D:\work\env\maven\repository\org\glassfish\javax.el\3.0.0\javax.el-3.0.0.jar;D:\work\env\maven\repository\junit\junit\4.13.2\junit-4.13.2.jar;D:\work\env\maven\repository\org\hamcrest\hamcrest-core\2.2\hamcrest-core-2.2.jar;D:\work\env\maven\repository\org\springframework\boot\spring-boot-starter-log4j2\3.0.0\spring-boot-starter-log4j2-3.0.0.jar;D:\work\env\maven\repository\org\apache\logging\log4j\log4j-slf4j2-impl\2.19.0\log4j-slf4j2-impl-2.19.0.jar;D:\work\env\maven\repository\org\apache\logging\log4j\log4j-api\2.17.2\log4j-api-2.17.2.jar;D:\work\env\maven\repository\org\apache\logging\log4j\log4j-core\2.17.2\log4j-core-2.17.2.jar;D:\work\env\maven\repository\org\apache\logging\log4j\log4j-jul\2.17.2\log4j-jul-2.17.2.jar;D:\work\env\maven\repository\org\springframework\spring-test\6.0.3\spring-test-6.0.3.jar;D:\work\env\maven\repository\javax\servlet\javax.servlet-api\4.0.1\javax.servlet-api-4.0.1.jar;D:\work\env\maven\repository\org\springframework\security\spring-security-test\5.7.4\spring-security-test-5.7.4.jar;"/>
    <property name="java.vm.vendor" value="Oracle Corporation"/>
    <property name="sun.arch.data.model" value="64"/>
    <property name="user.variant" value=""/>
    <property name="java.vendor.url" value="https://java.oracle.com/"/>
    <property name="os.name" value="Windows 11"/>
    <property name="java.vm.specification.version" value="18"/>
    <property name="sun.java.launcher" value="SUN_STANDARD"/>
    <property name="user.country" value="FR"/>
    <property name="sun.boot.library.path" value="D:\work\env\java\jdk18.0.2.1\bin"/>
    <property name="sun.java.command" value="C:\Users\wbcre\AppData\Local\Temp\surefire5076109075354285536\surefirebooter17444714771859729637.jar C:\Users\wbcre\AppData\Local\Temp\surefire5076109075354285536 2023-01-04T17-10-44_016-jvmRun1 surefire17139933770011115195tmp surefire_04646695220521850078tmp"/>
    <property name="jdk.debug" value="release"/>
    <property name="surefire.test.class.path" value="D:\JavaDA_PROJECT7_RESTAPI\JavaDA_PROJECT7_RESTAPI\Poseiden-skeleton\target\test-classes;D:\JavaDA_PROJECT7_RESTAPI\JavaDA_PROJECT7_RESTAPI\Poseiden-skeleton\target\classes;D:\work\env\maven\repository\org\springframework\boot\spring-boot-starter-test\2.7.5\spring-boot-starter-test-2.7.5.jar;D:\work\env\maven\repository\org\springframework\boot\spring-boot-starter\2.7.5\spring-boot-starter-2.7.5.jar;D:\work\env\maven\repository\org\springframework\boot\spring-boot-starter-logging\2.7.5\spring-boot-starter-logging-2.7.5.jar;D:\work\env\maven\repository\ch\qos\logback\logback-classic\1.2.11\logback-classic-1.2.11.jar;D:\work\env\maven\repository\ch\qos\logback\logback-core\1.2.11\logback-core-1.2.11.jar;D:\work\env\maven\repository\org\apache\logging\log4j\log4j-to-slf4j\2.17.2\log4j-to-slf4j-2.17.2.jar;D:\work\env\maven\repository\org\slf4j\jul-to-slf4j\1.7.36\jul-to-slf4j-1.7.36.jar;D:\work\env\maven\repository\jakarta\annotation\jakarta.annotation-api\1.3.5\jakarta.annotation-api-1.3.5.jar;D:\work\env\maven\repository\org\yaml\snakeyaml\1.30\snakeyaml-1.30.jar;D:\work\env\maven\repository\org\springframework\boot\spring-boot-test\2.7.5\spring-boot-test-2.7.5.jar;D:\work\env\maven\repository\org\springframework\boot\spring-boot-test-autoconfigure\2.7.5\spring-boot-test-autoconfigure-2.7.5.jar;D:\work\env\maven\repository\com\jayway\jsonpath\json-path\2.7.0\json-path-2.7.0.jar;D:\work\env\maven\repository\net\minidev\json-smart\2.4.8\json-smart-2.4.8.jar;D:\work\env\maven\repository\net\minidev\accessors-smart\2.4.8\accessors-smart-2.4.8.jar;D:\work\env\maven\repository\org\ow2\asm\asm\9.1\asm-9.1.jar;D:\work\env\maven\repository\org\slf4j\slf4j-api\1.7.36\slf4j-api-1.7.36.jar;D:\work\env\maven\repository\jakarta\xml\bind\jakarta.xml.bind-api\2.3.3\jakarta.xml.bind-api-2.3.3.jar;D:\work\env\maven\repository\jakarta\activation\jakarta.activation-api\1.2.2\jakarta.activation-api-1.2.2.jar;D:\work\env\maven\repository\org\assertj\assertj-core\3.22.0\assertj-core-3.22.0.jar;D:\work\env\maven\repository\org\hamcrest\hamcrest\2.2\hamcrest-2.2.jar;D:\work\env\maven\repository\org\junit\jupiter\junit-jupiter\5.8.2\junit-jupiter-5.8.2.jar;D:\work\env\maven\repository\org\junit\jupiter\junit-jupiter-params\5.8.2\junit-jupiter-params-5.8.2.jar;D:\work\env\maven\repository\org\junit\jupiter\junit-jupiter-engine\5.8.2\junit-jupiter-engine-5.8.2.jar;D:\work\env\maven\repository\org\junit\platform\junit-platform-engine\1.8.2\junit-platform-engine-1.8.2.jar;D:\work\env\maven\repository\org\mockito\mockito-core\4.5.1\mockito-core-4.5.1.jar;D:\work\env\maven\repository\net\bytebuddy\byte-buddy\1.12.18\byte-buddy-1.12.18.jar;D:\work\env\maven\repository\net\bytebuddy\byte-buddy-agent\1.12.18\byte-buddy-agent-1.12.18.jar;D:\work\env\maven\repository\org\objenesis\objenesis\3.2\objenesis-3.2.jar;D:\work\env\maven\repository\org\skyscreamer\jsonassert\1.5.1\jsonassert-1.5.1.jar;D:\work\env\maven\repository\com\vaadin\external\google\android-json\0.0.20131108.vaadin1\android-json-0.0.20131108.vaadin1.jar;D:\work\env\maven\repository\org\springframework\spring-core\5.3.23\spring-core-5.3.23.jar;D:\work\env\maven\repository\org\springframework\spring-jcl\5.3.23\spring-jcl-5.3.23.jar;D:\work\env\maven\repository\org\xmlunit\xmlunit-core\2.9.0\xmlunit-core-2.9.0.jar;D:\work\env\maven\repository\org\springframework\boot\spring-boot-starter-data-jpa\2.7.5\spring-boot-starter-data-jpa-2.7.5.jar;D:\work\env\maven\repository\org\springframework\boot\spring-boot-starter-aop\2.7.5\spring-boot-starter-aop-2.7.5.jar;D:\work\env\maven\repository\org\aspectj\aspectjweaver\1.9.7\aspectjweaver-1.9.7.jar;D:\work\env\maven\repository\org\springframework\boot\spring-boot-starter-jdbc\2.7.5\spring-boot-starter-jdbc-2.7.5.jar;D:\work\env\maven\repository\com\zaxxer\HikariCP\4.0.3\HikariCP-4.0.3.jar;D:\work\env\maven\repository\org\springframework\spring-jdbc\5.3.23\spring-jdbc-5.3.23.jar;D:\work\env\maven\repository\jakarta\transaction\jakarta.transaction-api\1.3.3\jakarta.transaction-api-1.3.3.jar;D:\work\env\maven\repository\jakarta\persistence\jakarta.persistence-api\2.2.3\jakarta.persistence-api-2.2.3.jar;D:\work\env\maven\repository\org\hibernate\hibernate-core\5.6.12.Final\hibernate-core-5.6.12.Final.jar;D:\work\env\maven\repository\antlr\antlr\2.7.7\antlr-2.7.7.jar;D:\work\env\maven\repository\org\jboss\jandex\2.4.2.Final\jandex-2.4.2.Final.jar;D:\work\env\maven\repository\org\hibernate\common\hibernate-commons-annotations\5.1.2.Final\hibernate-commons-annotations-5.1.2.Final.jar;D:\work\env\maven\repository\org\glassfish\jaxb\jaxb-runtime\2.3.7\jaxb-runtime-2.3.7.jar;D:\work\env\maven\repository\org\glassfish\jaxb\txw2\2.3.7\txw2-2.3.7.jar;D:\work\env\maven\repository\com\sun\istack\istack-commons-runtime\3.0.12\istack-commons-runtime-3.0.12.jar;D:\work\env\maven\repository\com\sun\activation\jakarta.activation\1.2.2\jakarta.activation-1.2.2.jar;D:\work\env\maven\repository\org\springframework\data\spring-data-jpa\2.7.5\spring-data-jpa-2.7.5.jar;D:\work\env\maven\repository\org\springframework\data\spring-data-commons\2.7.5\spring-data-commons-2.7.5.jar;D:\work\env\maven\repository\org\springframework\spring-orm\5.3.23\spring-orm-5.3.23.jar;D:\work\env\maven\repository\org\springframework\spring-context\5.3.23\spring-context-5.3.23.jar;D:\work\env\maven\repository\org\springframework\spring-tx\5.3.23\spring-tx-5.3.23.jar;D:\work\env\maven\repository\org\springframework\spring-beans\5.3.23\spring-beans-5.3.23.jar;D:\work\env\maven\repository\org\springframework\spring-aspects\5.3.23\spring-aspects-5.3.23.jar;D:\work\env\maven\repository\org\springframework\boot\spring-boot-starter-web\2.7.5\spring-boot-starter-web-2.7.5.jar;D:\work\env\maven\repository\org\springframework\boot\spring-boot-starter-json\2.7.5\spring-boot-starter-json-2.7.5.jar;D:\work\env\maven\repository\com\fasterxml\jackson\core\jackson-databind\2.13.4.2\jackson-databind-2.13.4.2.jar;D:\work\env\maven\repository\com\fasterxml\jackson\core\jackson-annotations\2.13.4\jackson-annotations-2.13.4.jar;D:\work\env\maven\repository\com\fasterxml\jackson\core\jackson-core\2.13.4\jackson-core-2.13.4.jar;D:\work\env\maven\repository\com\fasterxml\jackson\datatype\jackson-datatype-jdk8\2.13.4\jackson-datatype-jdk8-2.13.4.jar;D:\work\env\maven\repository\com\fasterxml\jackson\datatype\jackson-datatype-jsr310\2.13.4\jackson-datatype-jsr310-2.13.4.jar;D:\work\env\maven\repository\com\fasterxml\jackson\module\jackson-module-parameter-names\2.13.4\jackson-module-parameter-names-2.13.4.jar;D:\work\env\maven\repository\org\springframework\boot\spring-boot-starter-tomcat\2.7.5\spring-boot-starter-tomcat-2.7.5.jar;D:\work\env\maven\repository\org\apache\tomcat\embed\tomcat-embed-core\9.0.68\tomcat-embed-core-9.0.68.jar;D:\work\env\maven\repository\org\apache\tomcat\embed\tomcat-embed-el\9.0.68\tomcat-embed-el-9.0.68.jar;D:\work\env\maven\repository\org\apache\tomcat\embed\tomcat-embed-websocket\9.0.68\tomcat-embed-websocket-9.0.68.jar;D:\work\env\maven\repository\org\springframework\spring-web\5.3.23\spring-web-5.3.23.jar;D:\work\env\maven\repository\org\springframework\spring-webmvc\5.3.23\spring-webmvc-5.3.23.jar;D:\work\env\maven\repository\org\springframework\spring-expression\5.3.23\spring-expression-5.3.23.jar;D:\work\env\maven\repository\org\springframework\boot\spring-boot-starter-thymeleaf\2.7.5\spring-boot-starter-thymeleaf-2.7.5.jar;D:\work\env\maven\repository\org\thymeleaf\thymeleaf-spring5\3.0.15.RELEASE\thymeleaf-spring5-3.0.15.RELEASE.jar;D:\work\env\maven\repository\org\thymeleaf\thymeleaf\3.0.15.RELEASE\thymeleaf-3.0.15.RELEASE.jar;D:\work\env\maven\repository\org\attoparser\attoparser\2.0.5.RELEASE\attoparser-2.0.5.RELEASE.jar;D:\work\env\maven\repository\org\unbescape\unbescape\1.1.6.RELEASE\unbescape-1.1.6.RELEASE.jar;D:\work\env\maven\repository\org\thymeleaf\extras\thymeleaf-extras-java8time\3.0.4.RELEASE\thymeleaf-extras-java8time-3.0.4.RELEASE.jar;D:\work\env\maven\repository\org\springframework\boot\spring-boot-starter-security\2.7.5\spring-boot-starter-security-2.7.5.jar;D:\work\env\maven\repository\org\springframework\spring-aop\5.3.23\spring-aop-5.3.23.jar;D:\work\env\maven\repository\org\springframework\security\spring-security-config\5.7.4\spring-security-config-5.7.4.jar;D:\work\env\maven\repository\org\springframework\security\spring-security-web\5.7.4\spring-security-web-5.7.4.jar;D:\work\env\maven\repository\org\springframework\boot\spring-boot-starter-oauth2-client\2.7.5\spring-boot-starter-oauth2-client-2.7.5.jar;D:\work\env\maven\repository\org\springframework\security\spring-security-core\5.7.4\spring-security-core-5.7.4.jar;D:\work\env\maven\repository\org\springframework\security\spring-security-crypto\5.7.4\spring-security-crypto-5.7.4.jar;D:\work\env\maven\repository\org\springframework\security\spring-security-oauth2-client\5.7.4\spring-security-oauth2-client-5.7.4.jar;D:\work\env\maven\repository\org\springframework\security\spring-security-oauth2-core\5.7.4\spring-security-oauth2-core-5.7.4.jar;D:\work\env\maven\repository\com\nimbusds\oauth2-oidc-sdk\9.35\oauth2-oidc-sdk-9.35.jar;D:\work\env\maven\repository\com\github\stephenc\jcip\jcip-annotations\1.0-1\jcip-annotations-1.0-1.jar;D:\work\env\maven\repository\com\nimbusds\content-type\2.2\content-type-2.2.jar;D:\work\env\maven\repository\com\nimbusds\lang-tag\1.6\lang-tag-1.6.jar;D:\work\env\maven\repository\org\springframework\security\spring-security-oauth2-jose\5.7.4\spring-security-oauth2-jose-5.7.4.jar;D:\work\env\maven\repository\com\nimbusds\nimbus-jose-jwt\9.22\nimbus-jose-jwt-9.22.jar;D:\work\env\maven\repository\org\springframework\boot\spring-boot-devtools\2.7.5\spring-boot-devtools-2.7.5.jar;D:\work\env\maven\repository\org\springframework\boot\spring-boot\2.7.5\spring-boot-2.7.5.jar;D:\work\env\maven\repository\org\springframework\boot\spring-boot-autoconfigure\2.7.5\spring-boot-autoconfigure-2.7.5.jar;D:\work\env\maven\repository\com\mysql\mysql-connector-j\8.0.31\mysql-connector-j-8.0.31.jar;D:\work\env\maven\repository\com\h2database\h2\2.1.214\h2-2.1.214.jar;D:\work\env\maven\repository\org\projectlombok\lombok\1.18.24\lombok-1.18.24.jar;D:\work\env\maven\repository\org\mockito\mockito-junit-jupiter\4.8.0\mockito-junit-jupiter-4.8.0.jar;D:\work\env\maven\repository\org\junit\jupiter\junit-jupiter-api\5.8.2\junit-jupiter-api-5.8.2.jar;D:\work\env\maven\repository\org\opentest4j\opentest4j\1.2.0\opentest4j-1.2.0.jar;D:\work\env\maven\repository\org\junit\platform\junit-platform-commons\1.8.2\junit-platform-commons-1.8.2.jar;D:\work\env\maven\repository\org\apiguardian\apiguardian-api\1.1.2\apiguardian-api-1.1.2.jar;D:\work\env\maven\repository\javax\validation\validation-api\2.0.1.Final\validation-api-2.0.1.Final.jar;D:\work\env\maven\repository\org\hibernate\validator\hibernate-validator\8.0.0.Final\hibernate-validator-8.0.0.Final.jar;D:\work\env\maven\repository\jakarta\validation\jakarta.validation-api\2.0.2\jakarta.validation-api-2.0.2.jar;D:\work\env\maven\repository\org\jboss\logging\jboss-logging\3.4.3.Final\jboss-logging-3.4.3.Final.jar;D:\work\env\maven\repository\com\fasterxml\classmate\1.5.1\classmate-1.5.1.jar;D:\work\env\maven\repository\org\glassfish\javax.el\3.0.0\javax.el-3.0.0.jar;D:\work\env\maven\repository\junit\junit\4.13.2\junit-4.13.2.jar;D:\work\env\maven\repository\org\hamcrest\hamcrest-core\2.2\hamcrest-core-2.2.jar;D:\work\env\maven\repository\org\springframework\boot\spring-boot-starter-log4j2\3.0.0\spring-boot-starter-log4j2-3.0.0.jar;D:\work\env\maven\repository\org\apache\logging\log4j\log4j-slf4j2-impl\2.19.0\log4j-slf4j2-impl-2.19.0.jar;D:\work\env\maven\repository\org\apache\logging\log4j\log4j-api\2.17.2\log4j-api-2.17.2.jar;D:\work\env\maven\repository\org\apache\logging\log4j\log4j-core\2.17.2\log4j-core-2.17.2.jar;D:\work\env\maven\repository\org\apache\logging\log4j\log4j-jul\2.17.2\log4j-jul-2.17.2.jar;D:\work\env\maven\repository\org\springframework\spring-test\6.0.3\spring-test-6.0.3.jar;D:\work\env\maven\repository\javax\servlet\javax.servlet-api\4.0.1\javax.servlet-api-4.0.1.jar;D:\work\env\maven\repository\org\springframework\security\spring-security-test\5.7.4\spring-security-test-5.7.4.jar;"/>
    <property name="sun.cpu.endian" value="little"/>
    <property name="user.home" value="C:\Users\wbcre"/>
    <property name="user.language" value="fr"/>
    <property name="java.specification.vendor" value="Oracle Corporation"/>
    <property name="java.version.date" value="2022-08-18"/>
    <property name="java.home" value="D:\work\env\java\jdk18.0.2.1"/>
    <property name="file.separator" value="\"/>
    <property name="basedir" value="D:\JavaDA_PROJECT7_RESTAPI\JavaDA_PROJECT7_RESTAPI\Poseiden-skeleton"/>
    <property name="java.vm.compressedOopsMode" value="32-bit"/>
    <property name="line.separator" value="&#10;"/>
    <property name="java.vm.specification.vendor" value="Oracle Corporation"/>
    <property name="java.specification.name" value="Java Platform API Specification"/>
    <property name="surefire.real.class.path" value="C:\Users\wbcre\AppData\Local\Temp\surefire5076109075354285536\surefirebooter17444714771859729637.jar"/>
    <property name="user.script" value=""/>
    <property name="sun.management.compiler" value="HotSpot 64-Bit Tiered Compilers"/>
    <property name="java.runtime.version" value="18.0.2.1+1-1"/>
    <property name="user.name" value="wbcre"/>
    <property name="path.separator" value=";"/>
    <property name="os.version" value="10.0"/>
    <property name="java.runtime.name" value="Java(TM) SE Runtime Environment"/>
    <property name="file.encoding" value="UTF-8"/>
    <property name="java.vm.name" value="Java HotSpot(TM) 64-Bit Server VM"/>
    <property name="localRepository" value="D:\work\env\maven\repository"/>
    <property name="java.vendor.url.bug" value="https://bugreport.java.com/bugreport/"/>
    <property name="java.io.tmpdir" value="C:\Users\wbcre\AppData\Local\Temp\"/>
    <property name="java.version" value="18.0.2.1"/>
    <property name="user.dir" value="D:\JavaDA_PROJECT7_RESTAPI\JavaDA_PROJECT7_RESTAPI\Poseiden-skeleton"/>
    <property name="os.arch" value="amd64"/>
    <property name="java.vm.specification.name" value="Java Virtual Machine Specification"/>
    <property name="sun.os.patch.level" value=""/>
    <property name="native.encoding" value="Cp1252"/>
    <property name="java.library.path" value="D:\work\env\java\jdk18.0.2.1\bin;C:\WINDOWS\Sun\Java\bin;C:\WINDOWS\system32;C:\WINDOWS;C:\Program Files\Common Files\Oracle\Java\javapath;D:\Program Files\bin;C:\Program Files (x86)\Common Files\Oracle\Java\javapath;C:\ProgramData\Oracle\Java\javapath;C:\WINDOWS\system32;C:\WINDOWS;C:\WINDOWS\System32\Wbem;C:\WINDOWS\System32\WindowsPowerShell\v1.0\;C:\WINDOWS\System32\OpenSSH\;D:\Program Files\Git\cmd;D:\work\env\Nodist\bin;C:\Program Files\MySQL\MySQL Shell 8.0\bin\;C:\Users\wbcre\AppData\Local\Microsoft\WindowsApps;C:\Users\wbcre\AppData\Local\Programs\Microsoft VS Code\bin;D:\work\env\java\jdk18.0.2.1\bin;D:\work\env\maven\apache-maven-3.8.6\bin;;."/>
    <property name="java.vm.info" value="mixed mode, sharing"/>
    <property name="java.vendor" value="Oracle Corporation"/>
    <property name="java.vm.version" value="18.0.2.1+1-1"/>
    <property name="sun.io.unicode.encoding" value="UnicodeLittle"/>
    <property name="java.class.version" value="62.0"/>
  </properties>
  <testcase name="addUserTest" classname="com.nnk.springboot.controllers.UserControllerTest" time="0"/>
  <testcase name="showUpdateFormTest" classname="com.nnk.springboot.controllers.UserControllerTest" time="0.004"/>
  <testcase name="homeTest" classname="com.nnk.springboot.controllers.UserControllerTest" time="0.005"/>
  <testcase name="updateUserTest" classname="com.nnk.springboot.controllers.UserControllerTest" time="0.31"/>
  <testcase name="validateTest" classname="com.nnk.springboot.controllers.UserControllerTest" time="0.071"/>
  <testcase name="deleteUserTest" classname="com.nnk.springboot.controllers.UserControllerTest" time="0.003"/>
</testsuite>